
===========================================================================
report_checks -unconstrained
============================================================================
Startpoint: _7314_ (rising edge-triggered flip-flop clocked by CLK)
Endpoint: _7314_ (rising edge-triggered flip-flop clocked by CLK)
Path Group: CLK
Path Type: max

Fanout     Cap    Slew   Delay    Time   Description
-----------------------------------------------------------------------------
                  0.10    0.00    0.00   clock CLK (rise edge)
                          0.00    0.00   clock network delay (ideal)
                  0.10    0.00    0.00 ^ _7314_/CLK (sky130_fd_sc_hd__dfxtp_2)
                  5.06    3.77    3.77 ^ _7314_/Q (sky130_fd_sc_hd__dfxtp_2)
     3    1.00                           signal_in_frequency_real_2[4] (net)
                  5.06    0.00    3.77 ^ _3855_/A0 (sky130_fd_sc_hd__mux2_2)
                  0.15    0.57    4.34 ^ _3855_/X (sky130_fd_sc_hd__mux2_2)
     1    0.00                           _0714_ (net)
                  0.15    0.00    4.34 ^ _3856_/B (sky130_fd_sc_hd__and2_2)
                  0.04    0.16    4.51 ^ _3856_/X (sky130_fd_sc_hd__and2_2)
     1    0.00                           _0715_ (net)
                  0.04    0.00    4.51 ^ _3857_/A (sky130_fd_sc_hd__buf_1)
                  0.04    0.07    4.58 ^ _3857_/X (sky130_fd_sc_hd__buf_1)
     1    0.00                           _0064_ (net)
                  0.04    0.00    4.58 ^ _7314_/D (sky130_fd_sc_hd__dfxtp_2)
                                  4.58   data arrival time

                  0.10    6.67    6.67   clock CLK (rise edge)
                          0.00    6.67   clock network delay (ideal)
                         -0.10    6.57   clock uncertainty
                          0.00    6.57   clock reconvergence pessimism
                                  6.57 ^ _7314_/CLK (sky130_fd_sc_hd__dfxtp_2)
                         -0.05    6.52   library setup time
                                  6.52   data required time
-----------------------------------------------------------------------------
                                  6.52   data required time
                                 -4.58   data arrival time
-----------------------------------------------------------------------------
                                  1.94   slack (MET)



===========================================================================
report_checks --slack_max -0.01
============================================================================
No paths found.
