
===========================================================================
report_checks -path_delay max (Setup)
============================================================================
Startpoint: _7314_ (rising edge-triggered flip-flop clocked by CLK)
Endpoint: _7314_ (rising edge-triggered flip-flop clocked by CLK)
Path Group: CLK
Path Type: max

Fanout     Cap    Slew   Delay    Time   Description
-----------------------------------------------------------------------------
                  0.10    0.00    0.00   clock CLK (rise edge)
                          0.00    0.00   clock network delay (ideal)
                  0.10    0.00    0.00 ^ _7314_/CLK (sky130_fd_sc_hd__dfxtp_2)
                  5.06    3.77    3.77 ^ _7314_/Q (sky130_fd_sc_hd__dfxtp_2)
     3    1.00                           signal_in_frequency_real_2[4] (net)
                  5.06    0.00    3.77 ^ _3855_/A0 (sky130_fd_sc_hd__mux2_2)
                  0.15    0.57    4.34 ^ _3855_/X (sky130_fd_sc_hd__mux2_2)
     1    0.00                           _0714_ (net)
                  0.15    0.00    4.34 ^ _3856_/B (sky130_fd_sc_hd__and2_2)
                  0.04    0.16    4.51 ^ _3856_/X (sky130_fd_sc_hd__and2_2)
     1    0.00                           _0715_ (net)
                  0.04    0.00    4.51 ^ _3857_/A (sky130_fd_sc_hd__buf_1)
                  0.04    0.07    4.58 ^ _3857_/X (sky130_fd_sc_hd__buf_1)
     1    0.00                           _0064_ (net)
                  0.04    0.00    4.58 ^ _7314_/D (sky130_fd_sc_hd__dfxtp_2)
                                  4.58   data arrival time

                  0.10    6.67    6.67   clock CLK (rise edge)
                          0.00    6.67   clock network delay (ideal)
                         -0.10    6.57   clock uncertainty
                          0.00    6.57   clock reconvergence pessimism
                                  6.57 ^ _7314_/CLK (sky130_fd_sc_hd__dfxtp_2)
                         -0.05    6.52   library setup time
                                  6.52   data required time
-----------------------------------------------------------------------------
                                  6.52   data required time
                                 -4.58   data arrival time
-----------------------------------------------------------------------------
                                  1.94   slack (MET)


Startpoint: _7317_ (rising edge-triggered flip-flop clocked by CLK)
Endpoint: _7317_ (rising edge-triggered flip-flop clocked by CLK)
Path Group: CLK
Path Type: max

Fanout     Cap    Slew   Delay    Time   Description
-----------------------------------------------------------------------------
                  0.10    0.00    0.00   clock CLK (rise edge)
                          0.00    0.00   clock network delay (ideal)
                  0.10    0.00    0.00 ^ _7317_/CLK (sky130_fd_sc_hd__dfxtp_2)
                  5.11    3.76    3.76 ^ _7317_/Q (sky130_fd_sc_hd__dfxtp_2)
     3    1.00                           signal_in_frequency_real_2[7] (net)
                  5.11    0.01    3.77 ^ _3864_/A0 (sky130_fd_sc_hd__mux2_2)
                  0.15    0.57    4.34 ^ _3864_/X (sky130_fd_sc_hd__mux2_2)
     1    0.00                           _0720_ (net)
                  0.15    0.00    4.34 ^ _3865_/B (sky130_fd_sc_hd__and2_2)
                  0.04    0.16    4.49 ^ _3865_/X (sky130_fd_sc_hd__and2_2)
     1    0.00                           _0721_ (net)
                  0.04    0.00    4.49 ^ _3866_/A (sky130_fd_sc_hd__buf_1)
                  0.03    0.07    4.56 ^ _3866_/X (sky130_fd_sc_hd__buf_1)
     1    0.00                           _0067_ (net)
                  0.03    0.00    4.56 ^ _7317_/D (sky130_fd_sc_hd__dfxtp_2)
                                  4.56   data arrival time

                  0.10    6.67    6.67   clock CLK (rise edge)
                          0.00    6.67   clock network delay (ideal)
                         -0.10    6.57   clock uncertainty
                          0.00    6.57   clock reconvergence pessimism
                                  6.57 ^ _7317_/CLK (sky130_fd_sc_hd__dfxtp_2)
                         -0.05    6.52   library setup time
                                  6.52   data required time
-----------------------------------------------------------------------------
                                  6.52   data required time
                                 -4.56   data arrival time
-----------------------------------------------------------------------------
                                  1.96   slack (MET)


Startpoint: _7316_ (rising edge-triggered flip-flop clocked by CLK)
Endpoint: _7316_ (rising edge-triggered flip-flop clocked by CLK)
Path Group: CLK
Path Type: max

Fanout     Cap    Slew   Delay    Time   Description
-----------------------------------------------------------------------------
                  0.10    0.00    0.00   clock CLK (rise edge)
                          0.00    0.00   clock network delay (ideal)
                  0.10    0.00    0.00 ^ _7316_/CLK (sky130_fd_sc_hd__dfxtp_2)
                  5.26    3.73    3.73 ^ _7316_/Q (sky130_fd_sc_hd__dfxtp_2)
     3    1.00                           signal_in_frequency_real_2[6] (net)
                  5.26    0.00    3.73 ^ _3861_/A0 (sky130_fd_sc_hd__mux2_2)
                  0.16    0.59    4.32 ^ _3861_/X (sky130_fd_sc_hd__mux2_2)
     1    0.00                           _0718_ (net)
                  0.16    0.00    4.32 ^ _3862_/B (sky130_fd_sc_hd__and2_2)
                  0.04    0.16    4.48 ^ _3862_/X (sky130_fd_sc_hd__and2_2)
     1    0.00                           _0719_ (net)
                  0.04    0.00    4.48 ^ _3863_/A (sky130_fd_sc_hd__buf_1)
                  0.04    0.07    4.55 ^ _3863_/X (sky130_fd_sc_hd__buf_1)
     1    0.00                           _0066_ (net)
                  0.04    0.00    4.55 ^ _7316_/D (sky130_fd_sc_hd__dfxtp_2)
                                  4.55   data arrival time

                  0.10    6.67    6.67   clock CLK (rise edge)
                          0.00    6.67   clock network delay (ideal)
                         -0.10    6.57   clock uncertainty
                          0.00    6.57   clock reconvergence pessimism
                                  6.57 ^ _7316_/CLK (sky130_fd_sc_hd__dfxtp_2)
                         -0.05    6.52   library setup time
                                  6.52   data required time
-----------------------------------------------------------------------------
                                  6.52   data required time
                                 -4.55   data arrival time
-----------------------------------------------------------------------------
                                  1.97   slack (MET)


Startpoint: _7312_ (rising edge-triggered flip-flop clocked by CLK)
Endpoint: _7312_ (rising edge-triggered flip-flop clocked by CLK)
Path Group: CLK
Path Type: max

Fanout     Cap    Slew   Delay    Time   Description
-----------------------------------------------------------------------------
                  0.10    0.00    0.00   clock CLK (rise edge)
                          0.00    0.00   clock network delay (ideal)
                  0.10    0.00    0.00 ^ _7312_/CLK (sky130_fd_sc_hd__dfxtp_2)
                  4.99    3.75    3.75 ^ _7312_/Q (sky130_fd_sc_hd__dfxtp_2)
     3    1.00                           signal_in_frequency_real_2[2] (net)
                  4.99    0.00    3.75 ^ _3847_/A0 (sky130_fd_sc_hd__mux2_2)
                  0.15    0.56    4.32 ^ _3847_/X (sky130_fd_sc_hd__mux2_2)
     1    0.00                           _0708_ (net)
                  0.15    0.00    4.32 ^ _3848_/B (sky130_fd_sc_hd__and2_2)
                  0.04    0.16    4.47 ^ _3848_/X (sky130_fd_sc_hd__and2_2)
     1    0.00                           _0709_ (net)
                  0.04    0.00    4.47 ^ _3849_/A (sky130_fd_sc_hd__buf_1)
                  0.04    0.07    4.54 ^ _3849_/X (sky130_fd_sc_hd__buf_1)
     1    0.00                           _0062_ (net)
                  0.04    0.00    4.54 ^ _7312_/D (sky130_fd_sc_hd__dfxtp_2)
                                  4.54   data arrival time

                  0.10    6.67    6.67   clock CLK (rise edge)
                          0.00    6.67   clock network delay (ideal)
                         -0.10    6.57   clock uncertainty
                          0.00    6.57   clock reconvergence pessimism
                                  6.57 ^ _7312_/CLK (sky130_fd_sc_hd__dfxtp_2)
                         -0.05    6.52   library setup time
                                  6.52   data required time
-----------------------------------------------------------------------------
                                  6.52   data required time
                                 -4.54   data arrival time
-----------------------------------------------------------------------------
                                  1.97   slack (MET)


Startpoint: _7346_ (rising edge-triggered flip-flop clocked by CLK)
Endpoint: _7346_ (rising edge-triggered flip-flop clocked by CLK)
Path Group: CLK
Path Type: max

Fanout     Cap    Slew   Delay    Time   Description
-----------------------------------------------------------------------------
                  0.10    0.00    0.00   clock CLK (rise edge)
                          0.00    0.00   clock network delay (ideal)
                  0.10    0.00    0.00 ^ _7346_/CLK (sky130_fd_sc_hd__dfxtp_2)
                  4.93    3.76    3.76 ^ _7346_/Q (sky130_fd_sc_hd__dfxtp_2)
     2    1.00                           signal_in_frequency_image_2[1] (net)
                  4.93    0.00    3.76 ^ _3966_/A0 (sky130_fd_sc_hd__mux2_2)
                  0.15    0.55    4.31 ^ _3966_/X (sky130_fd_sc_hd__mux2_2)
     1    0.00                           _0793_ (net)
                  0.15    0.00    4.31 ^ _3967_/B (sky130_fd_sc_hd__and2_2)
                  0.04    0.16    4.47 ^ _3967_/X (sky130_fd_sc_hd__and2_2)
     1    0.00                           _0794_ (net)
                  0.04    0.00    4.47 ^ _3968_/A (sky130_fd_sc_hd__buf_1)
                  0.04    0.07    4.54 ^ _3968_/X (sky130_fd_sc_hd__buf_1)
     1    0.00                           _0096_ (net)
                  0.04    0.00    4.54 ^ _7346_/D (sky130_fd_sc_hd__dfxtp_2)
                                  4.54   data arrival time

                  0.10    6.67    6.67   clock CLK (rise edge)
                          0.00    6.67   clock network delay (ideal)
                         -0.10    6.57   clock uncertainty
                          0.00    6.57   clock reconvergence pessimism
                                  6.57 ^ _7346_/CLK (sky130_fd_sc_hd__dfxtp_2)
                         -0.05    6.52   library setup time
                                  6.52   data required time
-----------------------------------------------------------------------------
                                  6.52   data required time
                                 -4.54   data arrival time
-----------------------------------------------------------------------------
                                  1.98   slack (MET)


