
===========================================================================
report_checks -path_delay min (Hold)
============================================================================
Startpoint: _7682_ (rising edge-triggered flip-flop clocked by CLK)
Endpoint: _7682_ (rising edge-triggered flip-flop clocked by CLK)
Path Group: CLK
Path Type: min

Fanout     Cap    Slew   Delay    Time   Description
-----------------------------------------------------------------------------
                  0.10    0.00    0.00   clock CLK (rise edge)
                          0.00    0.00   clock network delay (ideal)
                  0.10    0.00    0.00 ^ _7682_/CLK (sky130_fd_sc_hd__dfxtp_1)
                  0.06    0.34    0.34 ^ _7682_/Q (sky130_fd_sc_hd__dfxtp_1)
     2    0.01                           link3.x_stage3_image_4[2] (net)
                  0.06    0.00    0.34 ^ _6627_/A2 (sky130_fd_sc_hd__o211a_1)
                  0.04    0.13    0.46 ^ _6627_/X (sky130_fd_sc_hd__o211a_1)
     1    0.00                           _0432_ (net)
                  0.04    0.00    0.46 ^ _7682_/D (sky130_fd_sc_hd__dfxtp_1)
                                  0.46   data arrival time

                  0.10    0.00    0.00   clock CLK (rise edge)
                          0.00    0.00   clock network delay (ideal)
                          0.20    0.20   clock uncertainty
                          0.00    0.20   clock reconvergence pessimism
                                  0.20 ^ _7682_/CLK (sky130_fd_sc_hd__dfxtp_1)
                         -0.02    0.18   library hold time
                                  0.18   data required time
-----------------------------------------------------------------------------
                                  0.18   data required time
                                 -0.46   data arrival time
-----------------------------------------------------------------------------
                                  0.28   slack (MET)


Startpoint: _7760_ (rising edge-triggered flip-flop clocked by CLK)
Endpoint: _7760_ (rising edge-triggered flip-flop clocked by CLK)
Path Group: CLK
Path Type: min

Fanout     Cap    Slew   Delay    Time   Description
-----------------------------------------------------------------------------
                  0.10    0.00    0.00   clock CLK (rise edge)
                          0.00    0.00   clock network delay (ideal)
                  0.10    0.00    0.00 ^ _7760_/CLK (sky130_fd_sc_hd__dfxtp_1)
                  0.06    0.34    0.34 ^ _7760_/Q (sky130_fd_sc_hd__dfxtp_1)
     2    0.01                           link3.x_stage3_real_5[9] (net)
                  0.06    0.00    0.34 ^ _7092_/A2 (sky130_fd_sc_hd__o211a_1)
                  0.04    0.13    0.46 ^ _7092_/X (sky130_fd_sc_hd__o211a_1)
     1    0.00                           _0510_ (net)
                  0.04    0.00    0.46 ^ _7760_/D (sky130_fd_sc_hd__dfxtp_1)
                                  0.46   data arrival time

                  0.10    0.00    0.00   clock CLK (rise edge)
                          0.00    0.00   clock network delay (ideal)
                          0.20    0.20   clock uncertainty
                          0.00    0.20   clock reconvergence pessimism
                                  0.20 ^ _7760_/CLK (sky130_fd_sc_hd__dfxtp_1)
                         -0.02    0.18   library hold time
                                  0.18   data required time
-----------------------------------------------------------------------------
                                  0.18   data required time
                                 -0.46   data arrival time
-----------------------------------------------------------------------------
                                  0.28   slack (MET)


Startpoint: _7671_ (rising edge-triggered flip-flop clocked by CLK)
Endpoint: _7671_ (rising edge-triggered flip-flop clocked by CLK)
Path Group: CLK
Path Type: min

Fanout     Cap    Slew   Delay    Time   Description
-----------------------------------------------------------------------------
                  0.10    0.00    0.00   clock CLK (rise edge)
                          0.00    0.00   clock network delay (ideal)
                  0.10    0.00    0.00 ^ _7671_/CLK (sky130_fd_sc_hd__dfxtp_1)
                  0.06    0.34    0.34 ^ _7671_/Q (sky130_fd_sc_hd__dfxtp_1)
     2    0.01                           link3.x_stage3_image_5[3] (net)
                  0.06    0.00    0.34 ^ _6548_/A2 (sky130_fd_sc_hd__o211a_1)
                  0.04    0.13    0.46 ^ _6548_/X (sky130_fd_sc_hd__o211a_1)
     1    0.00                           _0421_ (net)
                  0.04    0.00    0.46 ^ _7671_/D (sky130_fd_sc_hd__dfxtp_1)
                                  0.46   data arrival time

                  0.10    0.00    0.00   clock CLK (rise edge)
                          0.00    0.00   clock network delay (ideal)
                          0.20    0.20   clock uncertainty
                          0.00    0.20   clock reconvergence pessimism
                                  0.20 ^ _7671_/CLK (sky130_fd_sc_hd__dfxtp_1)
                         -0.02    0.18   library hold time
                                  0.18   data required time
-----------------------------------------------------------------------------
                                  0.18   data required time
                                 -0.46   data arrival time
-----------------------------------------------------------------------------
                                  0.28   slack (MET)


Startpoint: _7741_ (rising edge-triggered flip-flop clocked by CLK)
Endpoint: _7741_ (rising edge-triggered flip-flop clocked by CLK)
Path Group: CLK
Path Type: min

Fanout     Cap    Slew   Delay    Time   Description
-----------------------------------------------------------------------------
                  0.10    0.00    0.00   clock CLK (rise edge)
                          0.00    0.00   clock network delay (ideal)
                  0.10    0.00    0.00 ^ _7741_/CLK (sky130_fd_sc_hd__dfxtp_1)
                  0.06    0.34    0.34 ^ _7741_/Q (sky130_fd_sc_hd__dfxtp_1)
     2    0.01                           link3.x_stage3_real_6[2] (net)
                  0.06    0.00    0.34 ^ _6967_/A2 (sky130_fd_sc_hd__o211a_1)
                  0.04    0.12    0.46 ^ _6967_/X (sky130_fd_sc_hd__o211a_1)
     1    0.00                           _0491_ (net)
                  0.04    0.00    0.46 ^ _7741_/D (sky130_fd_sc_hd__dfxtp_1)
                                  0.46   data arrival time

                  0.10    0.00    0.00   clock CLK (rise edge)
                          0.00    0.00   clock network delay (ideal)
                          0.20    0.20   clock uncertainty
                          0.00    0.20   clock reconvergence pessimism
                                  0.20 ^ _7741_/CLK (sky130_fd_sc_hd__dfxtp_1)
                         -0.02    0.18   library hold time
                                  0.18   data required time
-----------------------------------------------------------------------------
                                  0.18   data required time
                                 -0.46   data arrival time
-----------------------------------------------------------------------------
                                  0.28   slack (MET)


Startpoint: _7752_ (rising edge-triggered flip-flop clocked by CLK)
Endpoint: _7752_ (rising edge-triggered flip-flop clocked by CLK)
Path Group: CLK
Path Type: min

Fanout     Cap    Slew   Delay    Time   Description
-----------------------------------------------------------------------------
                  0.10    0.00    0.00   clock CLK (rise edge)
                          0.00    0.00   clock network delay (ideal)
                  0.10    0.00    0.00 ^ _7752_/CLK (sky130_fd_sc_hd__dfxtp_1)
                  0.06    0.34    0.34 ^ _7752_/Q (sky130_fd_sc_hd__dfxtp_1)
     2    0.01                           link3.x_stage3_real_5[1] (net)
                  0.06    0.00    0.34 ^ _7025_/A2 (sky130_fd_sc_hd__o211a_1)
                  0.04    0.13    0.46 ^ _7025_/X (sky130_fd_sc_hd__o211a_1)
     1    0.00                           _0502_ (net)
                  0.04    0.00    0.46 ^ _7752_/D (sky130_fd_sc_hd__dfxtp_1)
                                  0.46   data arrival time

                  0.10    0.00    0.00   clock CLK (rise edge)
                          0.00    0.00   clock network delay (ideal)
                          0.20    0.20   clock uncertainty
                          0.00    0.20   clock reconvergence pessimism
                                  0.20 ^ _7752_/CLK (sky130_fd_sc_hd__dfxtp_1)
                         -0.02    0.18   library hold time
                                  0.18   data required time
-----------------------------------------------------------------------------
                                  0.18   data required time
                                 -0.46   data arrival time
-----------------------------------------------------------------------------
                                  0.29   slack (MET)


