
===========================================================================
report_checks -unconstrained
============================================================================
Startpoint: _7455_ (rising edge-triggered flip-flop clocked by CLK)
Endpoint: _7525_ (rising edge-triggered flip-flop clocked by CLK)
Path Group: CLK
Path Type: max

Fanout     Cap    Slew   Delay    Time   Description
-----------------------------------------------------------------------------
                  0.10    0.00    0.00   clock CLK (rise edge)
                          0.00    0.00   clock network delay (ideal)
                  0.10    0.00    0.00 ^ _7455_/CLK (sky130_fd_sc_hd__dfxtp_1)
                  0.17    0.42    0.42 ^ _7455_/Q (sky130_fd_sc_hd__dfxtp_1)
     4    0.02                           link1.x_stage1_real_5[1] (net)
                  0.17    0.00    0.42 ^ _5583_/A (sky130_fd_sc_hd__or2b_1)
                  0.09    0.16    0.58 ^ _5583_/X (sky130_fd_sc_hd__or2b_1)
     3    0.01                           _2242_ (net)
                  0.09    0.00    0.58 ^ _5585_/A (sky130_fd_sc_hd__nand2_1)
                  0.08    0.10    0.68 v _5585_/Y (sky130_fd_sc_hd__nand2_1)
     4    0.01                           _2244_ (net)
                  0.08    0.00    0.68 v _5586_/B1 (sky130_fd_sc_hd__a21o_1)
                  0.06    0.19    0.86 v _5586_/X (sky130_fd_sc_hd__a21o_1)
     3    0.01                           _2245_ (net)
                  0.06    0.00    0.86 v _5595_/A2 (sky130_fd_sc_hd__a21o_1)
                  0.06    0.20    1.07 v _5595_/X (sky130_fd_sc_hd__a21o_1)
     3    0.01                           _2253_ (net)
                  0.06    0.00    1.07 v _5603_/A1 (sky130_fd_sc_hd__a21o_1)
                  0.06    0.18    1.25 v _5603_/X (sky130_fd_sc_hd__a21o_1)
     3    0.01                           _2260_ (net)
                  0.06    0.00    1.25 v _5612_/A1 (sky130_fd_sc_hd__a21o_1)
                  0.06    0.18    1.43 v _5612_/X (sky130_fd_sc_hd__a21o_1)
     3    0.01                           _2268_ (net)
                  0.06    0.00    1.43 v _5623_/A1 (sky130_fd_sc_hd__a21o_1)
                  0.06    0.19    1.61 v _5623_/X (sky130_fd_sc_hd__a21o_1)
     3    0.01                           _2278_ (net)
                  0.06    0.00    1.61 v _5631_/A1 (sky130_fd_sc_hd__a21o_1)
                  0.06    0.18    1.80 v _5631_/X (sky130_fd_sc_hd__a21o_1)
     3    0.01                           _2285_ (net)
                  0.06    0.00    1.80 v _5642_/A1 (sky130_fd_sc_hd__a21o_1)
                  0.06    0.18    1.98 v _5642_/X (sky130_fd_sc_hd__a21o_1)
     3    0.01                           _2295_ (net)
                  0.06    0.00    1.98 v _5651_/A1 (sky130_fd_sc_hd__a21o_1)
                  0.05    0.18    2.16 v _5651_/X (sky130_fd_sc_hd__a21o_1)
     3    0.01                           _2303_ (net)
                  0.05    0.00    2.16 v _5659_/A1 (sky130_fd_sc_hd__a21oi_1)
                  0.20    0.19    2.35 ^ _5659_/Y (sky130_fd_sc_hd__a21oi_1)
     2    0.01                           _2310_ (net)
                  0.20    0.00    2.35 ^ _5673_/B1_N (sky130_fd_sc_hd__o21ba_1)
                  0.06    0.20    2.55 v _5673_/X (sky130_fd_sc_hd__o21ba_1)
     2    0.01                           _2323_ (net)
                  0.06    0.00    2.55 v _5683_/A2 (sky130_fd_sc_hd__o21ai_1)
                  0.14    0.15    2.69 ^ _5683_/Y (sky130_fd_sc_hd__o21ai_1)
     2    0.01                           _2332_ (net)
                  0.14    0.00    2.69 ^ _5686_/A2 (sky130_fd_sc_hd__o21ai_1)
                  0.09    0.10    2.79 v _5686_/Y (sky130_fd_sc_hd__o21ai_1)
     2    0.01                           _2335_ (net)
                  0.09    0.00    2.79 v _5691_/B1 (sky130_fd_sc_hd__o221a_1)
                  0.04    0.23    3.02 v _5691_/X (sky130_fd_sc_hd__o221a_1)
     1    0.00                           _0275_ (net)
                  0.04    0.00    3.02 v _7525_/D (sky130_fd_sc_hd__dfxtp_1)
                                  3.02   data arrival time

                  0.10    6.67    6.67   clock CLK (rise edge)
                          0.00    6.67   clock network delay (ideal)
                         -0.10    6.57   clock uncertainty
                          0.00    6.57   clock reconvergence pessimism
                                  6.57 ^ _7525_/CLK (sky130_fd_sc_hd__dfxtp_1)
                         -0.10    6.47   library setup time
                                  6.47   data required time
-----------------------------------------------------------------------------
                                  6.47   data required time
                                 -3.02   data arrival time
-----------------------------------------------------------------------------
                                  3.45   slack (MET)



===========================================================================
report_checks --slack_max -0.01
============================================================================
No paths found.
