
26. Executing CHECK pass (checking for obvious problems).
Checking module FFT_TOP...
Warning: Wire FFT_TOP.\signal_in_frequency_real_7 [11] is used but has no driver.
Warning: Wire FFT_TOP.\signal_in_frequency_real_7 [10] is used but has no driver.
Warning: Wire FFT_TOP.\signal_in_frequency_real_7 [9] is used but has no driver.
Warning: Wire FFT_TOP.\signal_in_frequency_real_7 [8] is used but has no driver.
Warning: Wire FFT_TOP.\signal_in_frequency_real_7 [7] is used but has no driver.
Warning: Wire FFT_TOP.\signal_in_frequency_real_7 [6] is used but has no driver.
Warning: Wire FFT_TOP.\signal_in_frequency_real_7 [5] is used but has no driver.
Warning: Wire FFT_TOP.\signal_in_frequency_real_7 [4] is used but has no driver.
Warning: Wire FFT_TOP.\signal_in_frequency_real_7 [3] is used but has no driver.
Warning: Wire FFT_TOP.\signal_in_frequency_real_7 [2] is used but has no driver.
Warning: Wire FFT_TOP.\signal_in_frequency_real_7 [1] is used but has no driver.
Warning: Wire FFT_TOP.\signal_in_frequency_real_7 [0] is used but has no driver.
Warning: Wire FFT_TOP.\signal_in_frequency_real_6 [11] is used but has no driver.
Warning: Wire FFT_TOP.\signal_in_frequency_real_6 [10] is used but has no driver.
Warning: Wire FFT_TOP.\signal_in_frequency_real_6 [9] is used but has no driver.
Warning: Wire FFT_TOP.\signal_in_frequency_real_6 [8] is used but has no driver.
Warning: Wire FFT_TOP.\signal_in_frequency_real_6 [7] is used but has no driver.
Warning: Wire FFT_TOP.\signal_in_frequency_real_6 [6] is used but has no driver.
Warning: Wire FFT_TOP.\signal_in_frequency_real_6 [5] is used but has no driver.
Warning: Wire FFT_TOP.\signal_in_frequency_real_6 [4] is used but has no driver.
Warning: Wire FFT_TOP.\signal_in_frequency_real_6 [3] is used but has no driver.
Warning: Wire FFT_TOP.\signal_in_frequency_real_6 [2] is used but has no driver.
Warning: Wire FFT_TOP.\signal_in_frequency_real_6 [1] is used but has no driver.
Warning: Wire FFT_TOP.\signal_in_frequency_real_6 [0] is used but has no driver.
Warning: Wire FFT_TOP.\signal_in_frequency_real_5 [11] is used but has no driver.
Warning: Wire FFT_TOP.\signal_in_frequency_real_5 [10] is used but has no driver.
Warning: Wire FFT_TOP.\signal_in_frequency_real_5 [9] is used but has no driver.
Warning: Wire FFT_TOP.\signal_in_frequency_real_5 [8] is used but has no driver.
Warning: Wire FFT_TOP.\signal_in_frequency_real_5 [7] is used but has no driver.
Warning: Wire FFT_TOP.\signal_in_frequency_real_5 [6] is used but has no driver.
Warning: Wire FFT_TOP.\signal_in_frequency_real_5 [5] is used but has no driver.
Warning: Wire FFT_TOP.\signal_in_frequency_real_5 [4] is used but has no driver.
Warning: Wire FFT_TOP.\signal_in_frequency_real_5 [3] is used but has no driver.
Warning: Wire FFT_TOP.\signal_in_frequency_real_5 [2] is used but has no driver.
Warning: Wire FFT_TOP.\signal_in_frequency_real_5 [1] is used but has no driver.
Warning: Wire FFT_TOP.\signal_in_frequency_real_5 [0] is used but has no driver.
Warning: Wire FFT_TOP.\signal_in_frequency_real_4 [11] is used but has no driver.
Warning: Wire FFT_TOP.\signal_in_frequency_real_4 [10] is used but has no driver.
Warning: Wire FFT_TOP.\signal_in_frequency_real_4 [9] is used but has no driver.
Warning: Wire FFT_TOP.\signal_in_frequency_real_4 [8] is used but has no driver.
Warning: Wire FFT_TOP.\signal_in_frequency_real_4 [7] is used but has no driver.
Warning: Wire FFT_TOP.\signal_in_frequency_real_4 [6] is used but has no driver.
Warning: Wire FFT_TOP.\signal_in_frequency_real_4 [5] is used but has no driver.
Warning: Wire FFT_TOP.\signal_in_frequency_real_4 [4] is used but has no driver.
Warning: Wire FFT_TOP.\signal_in_frequency_real_4 [3] is used but has no driver.
Warning: Wire FFT_TOP.\signal_in_frequency_real_4 [2] is used but has no driver.
Warning: Wire FFT_TOP.\signal_in_frequency_real_4 [1] is used but has no driver.
Warning: Wire FFT_TOP.\signal_in_frequency_real_4 [0] is used but has no driver.
Warning: Wire FFT_TOP.\signal_in_frequency_real_3 [11] is used but has no driver.
Warning: Wire FFT_TOP.\signal_in_frequency_real_3 [10] is used but has no driver.
Warning: Wire FFT_TOP.\signal_in_frequency_real_3 [9] is used but has no driver.
Warning: Wire FFT_TOP.\signal_in_frequency_real_3 [8] is used but has no driver.
Warning: Wire FFT_TOP.\signal_in_frequency_real_3 [7] is used but has no driver.
Warning: Wire FFT_TOP.\signal_in_frequency_real_3 [6] is used but has no driver.
Warning: Wire FFT_TOP.\signal_in_frequency_real_3 [5] is used but has no driver.
Warning: Wire FFT_TOP.\signal_in_frequency_real_3 [4] is used but has no driver.
Warning: Wire FFT_TOP.\signal_in_frequency_real_3 [3] is used but has no driver.
Warning: Wire FFT_TOP.\signal_in_frequency_real_3 [2] is used but has no driver.
Warning: Wire FFT_TOP.\signal_in_frequency_real_3 [1] is used but has no driver.
Warning: Wire FFT_TOP.\signal_in_frequency_real_3 [0] is used but has no driver.
Warning: Wire FFT_TOP.\signal_in_frequency_real_2 [11] is used but has no driver.
Warning: Wire FFT_TOP.\signal_in_frequency_real_2 [10] is used but has no driver.
Warning: Wire FFT_TOP.\signal_in_frequency_real_2 [9] is used but has no driver.
Warning: Wire FFT_TOP.\signal_in_frequency_real_2 [8] is used but has no driver.
Warning: Wire FFT_TOP.\signal_in_frequency_real_2 [7] is used but has no driver.
Warning: Wire FFT_TOP.\signal_in_frequency_real_2 [6] is used but has no driver.
Warning: Wire FFT_TOP.\signal_in_frequency_real_2 [5] is used but has no driver.
Warning: Wire FFT_TOP.\signal_in_frequency_real_2 [4] is used but has no driver.
Warning: Wire FFT_TOP.\signal_in_frequency_real_2 [3] is used but has no driver.
Warning: Wire FFT_TOP.\signal_in_frequency_real_2 [2] is used but has no driver.
Warning: Wire FFT_TOP.\signal_in_frequency_real_2 [1] is used but has no driver.
Warning: Wire FFT_TOP.\signal_in_frequency_real_2 [0] is used but has no driver.
Warning: Wire FFT_TOP.\signal_in_frequency_real_1 [11] is used but has no driver.
Warning: Wire FFT_TOP.\signal_in_frequency_real_1 [10] is used but has no driver.
Warning: Wire FFT_TOP.\signal_in_frequency_real_1 [9] is used but has no driver.
Warning: Wire FFT_TOP.\signal_in_frequency_real_1 [8] is used but has no driver.
Warning: Wire FFT_TOP.\signal_in_frequency_real_1 [7] is used but has no driver.
Warning: Wire FFT_TOP.\signal_in_frequency_real_1 [6] is used but has no driver.
Warning: Wire FFT_TOP.\signal_in_frequency_real_1 [5] is used but has no driver.
Warning: Wire FFT_TOP.\signal_in_frequency_real_1 [4] is used but has no driver.
Warning: Wire FFT_TOP.\signal_in_frequency_real_1 [3] is used but has no driver.
Warning: Wire FFT_TOP.\signal_in_frequency_real_1 [2] is used but has no driver.
Warning: Wire FFT_TOP.\signal_in_frequency_real_1 [1] is used but has no driver.
Warning: Wire FFT_TOP.\signal_in_frequency_real_1 [0] is used but has no driver.
Warning: Wire FFT_TOP.\signal_in_frequency_real_0 [11] is used but has no driver.
Warning: Wire FFT_TOP.\signal_in_frequency_real_0 [10] is used but has no driver.
Warning: Wire FFT_TOP.\signal_in_frequency_real_0 [9] is used but has no driver.
Warning: Wire FFT_TOP.\signal_in_frequency_real_0 [8] is used but has no driver.
Warning: Wire FFT_TOP.\signal_in_frequency_real_0 [7] is used but has no driver.
Warning: Wire FFT_TOP.\signal_in_frequency_real_0 [6] is used but has no driver.
Warning: Wire FFT_TOP.\signal_in_frequency_real_0 [5] is used but has no driver.
Warning: Wire FFT_TOP.\signal_in_frequency_real_0 [4] is used but has no driver.
Warning: Wire FFT_TOP.\signal_in_frequency_real_0 [3] is used but has no driver.
Warning: Wire FFT_TOP.\signal_in_frequency_real_0 [2] is used but has no driver.
Warning: Wire FFT_TOP.\signal_in_frequency_real_0 [1] is used but has no driver.
Warning: Wire FFT_TOP.\signal_in_frequency_real_0 [0] is used but has no driver.
Warning: Wire FFT_TOP.\signal_in_frequency_image_7 [11] is used but has no driver.
Warning: Wire FFT_TOP.\signal_in_frequency_image_7 [10] is used but has no driver.
Warning: Wire FFT_TOP.\signal_in_frequency_image_7 [9] is used but has no driver.
Warning: Wire FFT_TOP.\signal_in_frequency_image_7 [8] is used but has no driver.
Warning: Wire FFT_TOP.\signal_in_frequency_image_7 [7] is used but has no driver.
Warning: Wire FFT_TOP.\signal_in_frequency_image_7 [6] is used but has no driver.
Warning: Wire FFT_TOP.\signal_in_frequency_image_7 [5] is used but has no driver.
Warning: Wire FFT_TOP.\signal_in_frequency_image_7 [4] is used but has no driver.
Warning: Wire FFT_TOP.\signal_in_frequency_image_7 [3] is used but has no driver.
Warning: Wire FFT_TOP.\signal_in_frequency_image_7 [2] is used but has no driver.
Warning: Wire FFT_TOP.\signal_in_frequency_image_7 [1] is used but has no driver.
Warning: Wire FFT_TOP.\signal_in_frequency_image_7 [0] is used but has no driver.
Warning: Wire FFT_TOP.\signal_in_frequency_image_6 [11] is used but has no driver.
Warning: Wire FFT_TOP.\signal_in_frequency_image_6 [10] is used but has no driver.
Warning: Wire FFT_TOP.\signal_in_frequency_image_6 [9] is used but has no driver.
Warning: Wire FFT_TOP.\signal_in_frequency_image_6 [8] is used but has no driver.
Warning: Wire FFT_TOP.\signal_in_frequency_image_6 [7] is used but has no driver.
Warning: Wire FFT_TOP.\signal_in_frequency_image_6 [6] is used but has no driver.
Warning: Wire FFT_TOP.\signal_in_frequency_image_6 [5] is used but has no driver.
Warning: Wire FFT_TOP.\signal_in_frequency_image_6 [4] is used but has no driver.
Warning: Wire FFT_TOP.\signal_in_frequency_image_6 [3] is used but has no driver.
Warning: Wire FFT_TOP.\signal_in_frequency_image_6 [2] is used but has no driver.
Warning: Wire FFT_TOP.\signal_in_frequency_image_6 [1] is used but has no driver.
Warning: Wire FFT_TOP.\signal_in_frequency_image_6 [0] is used but has no driver.
Warning: Wire FFT_TOP.\signal_in_frequency_image_5 [11] is used but has no driver.
Warning: Wire FFT_TOP.\signal_in_frequency_image_5 [10] is used but has no driver.
Warning: Wire FFT_TOP.\signal_in_frequency_image_5 [9] is used but has no driver.
Warning: Wire FFT_TOP.\signal_in_frequency_image_5 [8] is used but has no driver.
Warning: Wire FFT_TOP.\signal_in_frequency_image_5 [7] is used but has no driver.
Warning: Wire FFT_TOP.\signal_in_frequency_image_5 [6] is used but has no driver.
Warning: Wire FFT_TOP.\signal_in_frequency_image_5 [5] is used but has no driver.
Warning: Wire FFT_TOP.\signal_in_frequency_image_5 [4] is used but has no driver.
Warning: Wire FFT_TOP.\signal_in_frequency_image_5 [3] is used but has no driver.
Warning: Wire FFT_TOP.\signal_in_frequency_image_5 [2] is used but has no driver.
Warning: Wire FFT_TOP.\signal_in_frequency_image_5 [1] is used but has no driver.
Warning: Wire FFT_TOP.\signal_in_frequency_image_5 [0] is used but has no driver.
Warning: Wire FFT_TOP.\signal_in_frequency_image_4 [11] is used but has no driver.
Warning: Wire FFT_TOP.\signal_in_frequency_image_4 [10] is used but has no driver.
Warning: Wire FFT_TOP.\signal_in_frequency_image_4 [9] is used but has no driver.
Warning: Wire FFT_TOP.\signal_in_frequency_image_4 [8] is used but has no driver.
Warning: Wire FFT_TOP.\signal_in_frequency_image_4 [7] is used but has no driver.
Warning: Wire FFT_TOP.\signal_in_frequency_image_4 [6] is used but has no driver.
Warning: Wire FFT_TOP.\signal_in_frequency_image_4 [5] is used but has no driver.
Warning: Wire FFT_TOP.\signal_in_frequency_image_4 [4] is used but has no driver.
Warning: Wire FFT_TOP.\signal_in_frequency_image_4 [3] is used but has no driver.
Warning: Wire FFT_TOP.\signal_in_frequency_image_4 [2] is used but has no driver.
Warning: Wire FFT_TOP.\signal_in_frequency_image_4 [1] is used but has no driver.
Warning: Wire FFT_TOP.\signal_in_frequency_image_4 [0] is used but has no driver.
Warning: Wire FFT_TOP.\signal_in_frequency_image_3 [11] is used but has no driver.
Warning: Wire FFT_TOP.\signal_in_frequency_image_3 [10] is used but has no driver.
Warning: Wire FFT_TOP.\signal_in_frequency_image_3 [9] is used but has no driver.
Warning: Wire FFT_TOP.\signal_in_frequency_image_3 [8] is used but has no driver.
Warning: Wire FFT_TOP.\signal_in_frequency_image_3 [7] is used but has no driver.
Warning: Wire FFT_TOP.\signal_in_frequency_image_3 [6] is used but has no driver.
Warning: Wire FFT_TOP.\signal_in_frequency_image_3 [5] is used but has no driver.
Warning: Wire FFT_TOP.\signal_in_frequency_image_3 [4] is used but has no driver.
Warning: Wire FFT_TOP.\signal_in_frequency_image_3 [3] is used but has no driver.
Warning: Wire FFT_TOP.\signal_in_frequency_image_3 [2] is used but has no driver.
Warning: Wire FFT_TOP.\signal_in_frequency_image_3 [1] is used but has no driver.
Warning: Wire FFT_TOP.\signal_in_frequency_image_3 [0] is used but has no driver.
Warning: Wire FFT_TOP.\signal_in_frequency_image_2 [11] is used but has no driver.
Warning: Wire FFT_TOP.\signal_in_frequency_image_2 [10] is used but has no driver.
Warning: Wire FFT_TOP.\signal_in_frequency_image_2 [9] is used but has no driver.
Warning: Wire FFT_TOP.\signal_in_frequency_image_2 [8] is used but has no driver.
Warning: Wire FFT_TOP.\signal_in_frequency_image_2 [7] is used but has no driver.
Warning: Wire FFT_TOP.\signal_in_frequency_image_2 [6] is used but has no driver.
Warning: Wire FFT_TOP.\signal_in_frequency_image_2 [5] is used but has no driver.
Warning: Wire FFT_TOP.\signal_in_frequency_image_2 [4] is used but has no driver.
Warning: Wire FFT_TOP.\signal_in_frequency_image_2 [3] is used but has no driver.
Warning: Wire FFT_TOP.\signal_in_frequency_image_2 [2] is used but has no driver.
Warning: Wire FFT_TOP.\signal_in_frequency_image_2 [1] is used but has no driver.
Warning: Wire FFT_TOP.\signal_in_frequency_image_2 [0] is used but has no driver.
Warning: Wire FFT_TOP.\signal_in_frequency_image_1 [11] is used but has no driver.
Warning: Wire FFT_TOP.\signal_in_frequency_image_1 [10] is used but has no driver.
Warning: Wire FFT_TOP.\signal_in_frequency_image_1 [9] is used but has no driver.
Warning: Wire FFT_TOP.\signal_in_frequency_image_1 [8] is used but has no driver.
Warning: Wire FFT_TOP.\signal_in_frequency_image_1 [7] is used but has no driver.
Warning: Wire FFT_TOP.\signal_in_frequency_image_1 [6] is used but has no driver.
Warning: Wire FFT_TOP.\signal_in_frequency_image_1 [5] is used but has no driver.
Warning: Wire FFT_TOP.\signal_in_frequency_image_1 [4] is used but has no driver.
Warning: Wire FFT_TOP.\signal_in_frequency_image_1 [3] is used but has no driver.
Warning: Wire FFT_TOP.\signal_in_frequency_image_1 [2] is used but has no driver.
Warning: Wire FFT_TOP.\signal_in_frequency_image_1 [1] is used but has no driver.
Warning: Wire FFT_TOP.\signal_in_frequency_image_1 [0] is used but has no driver.
Warning: Wire FFT_TOP.\signal_in_frequency_image_0 [11] is used but has no driver.
Warning: Wire FFT_TOP.\signal_in_frequency_image_0 [10] is used but has no driver.
Warning: Wire FFT_TOP.\signal_in_frequency_image_0 [9] is used but has no driver.
Warning: Wire FFT_TOP.\signal_in_frequency_image_0 [8] is used but has no driver.
Warning: Wire FFT_TOP.\signal_in_frequency_image_0 [7] is used but has no driver.
Warning: Wire FFT_TOP.\signal_in_frequency_image_0 [6] is used but has no driver.
Warning: Wire FFT_TOP.\signal_in_frequency_image_0 [5] is used but has no driver.
Warning: Wire FFT_TOP.\signal_in_frequency_image_0 [4] is used but has no driver.
Warning: Wire FFT_TOP.\signal_in_frequency_image_0 [3] is used but has no driver.
Warning: Wire FFT_TOP.\signal_in_frequency_image_0 [2] is used but has no driver.
Warning: Wire FFT_TOP.\signal_in_frequency_image_0 [1] is used but has no driver.
Warning: Wire FFT_TOP.\signal_in_frequency_image_0 [0] is used but has no driver.
Warning: Wire FFT_TOP.\FFT_FINISH is used but has no driver.
Found and reported 193 problems.
