
27. Printing statistics.

=== FFT_TOP ===

   Number of wires:               4046
   Number of wire bits:           4310
   Number of public wires:         421
   Number of public wire bits:     685
   Number of memories:               0
   Number of memory bits:            0
   Number of processes:              0
   Number of cells:               4211
     sky130_fd_sc_hd__a211o_2        5
     sky130_fd_sc_hd__a211oi_2       3
     sky130_fd_sc_hd__a21bo_2      142
     sky130_fd_sc_hd__a21boi_2       6
     sky130_fd_sc_hd__a21o_2       204
     sky130_fd_sc_hd__a21oi_2      130
     sky130_fd_sc_hd__a221oi_2       1
     sky130_fd_sc_hd__a22o_2         5
     sky130_fd_sc_hd__a2bb2o_2       1
     sky130_fd_sc_hd__a311o_2        3
     sky130_fd_sc_hd__a31o_2        15
     sky130_fd_sc_hd__a31o_4         2
     sky130_fd_sc_hd__a31oi_2        1
     sky130_fd_sc_hd__a31oi_4        1
     sky130_fd_sc_hd__a32o_2         5
     sky130_fd_sc_hd__a32oi_2        1
     sky130_fd_sc_hd__a41o_2         1
     sky130_fd_sc_hd__and2_2       302
     sky130_fd_sc_hd__and2_4         1
     sky130_fd_sc_hd__and2b_2      102
     sky130_fd_sc_hd__and3_2        49
     sky130_fd_sc_hd__and3b_2        2
     sky130_fd_sc_hd__buf_1        634
     sky130_fd_sc_hd__buf_2         23
     sky130_fd_sc_hd__conb_1        24
     sky130_fd_sc_hd__dfxtp_2      548
     sky130_fd_sc_hd__inv_2         31
     sky130_fd_sc_hd__mux2_2       207
     sky130_fd_sc_hd__nand2_2      217
     sky130_fd_sc_hd__nand2b_2       5
     sky130_fd_sc_hd__nand3_2      120
     sky130_fd_sc_hd__nand4_2        3
     sky130_fd_sc_hd__nand4bb_2      1
     sky130_fd_sc_hd__nor2_2       296
     sky130_fd_sc_hd__nor2b_2       12
     sky130_fd_sc_hd__nor3_2         4
     sky130_fd_sc_hd__o211a_2      234
     sky130_fd_sc_hd__o211ai_2       1
     sky130_fd_sc_hd__o21a_2        30
     sky130_fd_sc_hd__o21ai_2      154
     sky130_fd_sc_hd__o21ba_2        5
     sky130_fd_sc_hd__o21bai_2       3
     sky130_fd_sc_hd__o221a_2      113
     sky130_fd_sc_hd__o2bb2a_2       2
     sky130_fd_sc_hd__o311a_2        5
     sky130_fd_sc_hd__o311a_4        1
     sky130_fd_sc_hd__o311ai_2       1
     sky130_fd_sc_hd__o31a_2         1
     sky130_fd_sc_hd__o31ai_2        2
     sky130_fd_sc_hd__o32a_2         3
     sky130_fd_sc_hd__o32ai_2        1
     sky130_fd_sc_hd__o41a_2         1
     sky130_fd_sc_hd__or2_2        129
     sky130_fd_sc_hd__or2b_2       128
     sky130_fd_sc_hd__or3_2         18
     sky130_fd_sc_hd__or3_4          6
     sky130_fd_sc_hd__or3b_2        10
     sky130_fd_sc_hd__or4_2          3
     sky130_fd_sc_hd__or4b_2         2
     sky130_fd_sc_hd__or4b_4         2
     sky130_fd_sc_hd__xnor2_2      157
     sky130_fd_sc_hd__xor2_2        92

   Chip area for module '\FFT_TOP': 41673.718400

