
===========================================================================
report_checks -unconstrained
============================================================================
Startpoint: _7310_ (rising edge-triggered flip-flop clocked by CLK)
Endpoint: _7310_ (rising edge-triggered flip-flop clocked by CLK)
Path Group: CLK
Path Type: max

Fanout     Cap    Slew   Delay    Time   Description
-----------------------------------------------------------------------------
                  0.10    0.00    0.00   clock CLK (rise edge)
                          0.00    0.00   clock network delay (ideal)
                  0.10    0.00    0.00 ^ _7310_/CLK (sky130_fd_sc_hd__dfxtp_2)
                  4.99    2.72    2.72 ^ _7310_/Q (sky130_fd_sc_hd__dfxtp_2)
     3    1.00                           signal_in_frequency_real_2[0] (net)
                  4.99    0.00    2.72 ^ _3841_/A0 (sky130_fd_sc_hd__mux2_2)
                  0.15    0.56    3.28 ^ _3841_/X (sky130_fd_sc_hd__mux2_2)
     1    0.00                           _0704_ (net)
                  0.15    0.00    3.29 ^ _3842_/B (sky130_fd_sc_hd__and2_2)
                  0.04    0.16    3.44 ^ _3842_/X (sky130_fd_sc_hd__and2_2)
     1    0.00                           _0705_ (net)
                  0.04    0.00    3.45 ^ _3843_/A (sky130_fd_sc_hd__buf_1)
                  0.04    0.07    3.52 ^ _3843_/X (sky130_fd_sc_hd__buf_1)
     1    0.00                           _0060_ (net)
                  0.04    0.00    3.52 ^ _7310_/D (sky130_fd_sc_hd__dfxtp_2)
                                  3.52   data arrival time

                  0.10    6.67    6.67   clock CLK (rise edge)
                          0.00    6.67   clock network delay (ideal)
                         -0.10    6.57   clock uncertainty
                          0.00    6.57   clock reconvergence pessimism
                                  6.57 ^ _7310_/CLK (sky130_fd_sc_hd__dfxtp_2)
                         -0.05    6.52   library setup time
                                  6.52   data required time
-----------------------------------------------------------------------------
                                  6.52   data required time
                                 -3.52   data arrival time
-----------------------------------------------------------------------------
                                  3.00   slack (MET)



===========================================================================
report_checks --slack_max -0.01
============================================================================
No paths found.
