
===========================================================================
report_checks -unconstrained
============================================================================

======================= Slowest Corner ===================================

Startpoint: _7502_ (rising edge-triggered flip-flop clocked by CLK)
Endpoint: _7630_ (rising edge-triggered flip-flop clocked by CLK)
Path Group: CLK
Path Type: max
Corner: ss

Fanout     Cap    Slew   Delay    Time   Description
-----------------------------------------------------------------------------
                          0.00    0.00   clock CLK (rise edge)
                          0.00    0.00   clock source latency
                  0.00    0.00    0.00 ^ CLK (in)
     1    0.03                           CLK (net)
                  0.00    0.00    0.00 ^ clkbuf_0_CLK/A (sky130_fd_sc_hd__clkbuf_16)
                  0.19    0.29    0.29 ^ clkbuf_0_CLK/X (sky130_fd_sc_hd__clkbuf_16)
     8    0.11                           clknet_0_CLK (net)
                  0.19    0.00    0.30 ^ clkbuf_3_4__f_CLK/A (sky130_fd_sc_hd__clkbuf_16)
                  0.13    0.33    0.63 ^ clkbuf_3_4__f_CLK/X (sky130_fd_sc_hd__clkbuf_16)
     6    0.06                           clknet_3_4__leaf_CLK (net)
                  0.13    0.00    0.63 ^ clkbuf_leaf_48_CLK/A (sky130_fd_sc_hd__clkbuf_16)
                  0.08    0.26    0.89 ^ clkbuf_leaf_48_CLK/X (sky130_fd_sc_hd__clkbuf_16)
    13    0.03                           clknet_leaf_48_CLK (net)
                  0.08    0.00    0.89 ^ _7502_/CLK (sky130_fd_sc_hd__dfxtp_1)
                  0.24    0.76    1.66 ^ _7502_/Q (sky130_fd_sc_hd__dfxtp_1)
     4    0.02                           link1.x_stage1_real_0[1] (net)
                  0.24    0.00    1.66 ^ _6204_/B (sky130_fd_sc_hd__and2b_1)
                  0.14    0.34    2.00 ^ _6204_/X (sky130_fd_sc_hd__and2b_1)
     3    0.01                           _2757_ (net)
                  0.14    0.00    2.00 ^ _6205_/B (sky130_fd_sc_hd__or3b_1)
                  0.05    0.19    2.19 ^ _6205_/X (sky130_fd_sc_hd__or3b_1)
     1    0.00                           _2758_ (net)
                  0.05    0.00    2.19 ^ _6206_/B_N (sky130_fd_sc_hd__or2b_1)
                  0.18    0.59    2.78 v _6206_/X (sky130_fd_sc_hd__or2b_1)
     2    0.01                           _2759_ (net)
                  0.18    0.00    2.78 v _6211_/A (sky130_fd_sc_hd__or2b_1)
                  0.12    0.56    3.34 v _6211_/X (sky130_fd_sc_hd__or2b_1)
     2    0.01                           _2763_ (net)
                  0.12    0.00    3.34 v _6216_/A1 (sky130_fd_sc_hd__a21o_1)
                  0.11    0.36    3.70 v _6216_/X (sky130_fd_sc_hd__a21o_1)
     3    0.01                           _2768_ (net)
                  0.11    0.00    3.70 v _6225_/A1 (sky130_fd_sc_hd__a21o_1)
                  0.10    0.35    4.04 v _6225_/X (sky130_fd_sc_hd__a21o_1)
     3    0.01                           _2776_ (net)
                  0.10    0.00    4.04 v _6234_/A1 (sky130_fd_sc_hd__a21o_1)
                  0.10    0.34    4.39 v _6234_/X (sky130_fd_sc_hd__a21o_1)
     3    0.01                           _2784_ (net)
                  0.10    0.00    4.39 v _6242_/A1 (sky130_fd_sc_hd__a21o_1)
                  0.10    0.34    4.73 v _6242_/X (sky130_fd_sc_hd__a21o_1)
     3    0.01                           _2791_ (net)
                  0.10    0.00    4.73 v _6251_/A1 (sky130_fd_sc_hd__a21o_1)
                  0.10    0.34    5.08 v _6251_/X (sky130_fd_sc_hd__a21o_1)
     3    0.01                           _2799_ (net)
                  0.10    0.00    5.08 v _6259_/A1 (sky130_fd_sc_hd__a21o_1)
                  0.09    0.33    5.41 v _6259_/X (sky130_fd_sc_hd__a21o_1)
     3    0.01                           _2806_ (net)
                  0.09    0.00    5.41 v _6267_/A1 (sky130_fd_sc_hd__a21oi_1)
                  0.26    0.28    5.69 ^ _6267_/Y (sky130_fd_sc_hd__a21oi_1)
     2    0.01                           _2813_ (net)
                  0.26    0.00    5.69 ^ _6274_/B1 (sky130_fd_sc_hd__a21oi_1)
                  0.18    0.19    5.88 v _6274_/Y (sky130_fd_sc_hd__a21oi_1)
     2    0.01                           _2819_ (net)
                  0.18    0.00    5.88 v _6282_/A2 (sky130_fd_sc_hd__o21ai_1)
                  0.27    0.32    6.21 ^ _6282_/Y (sky130_fd_sc_hd__o21ai_1)
     2    0.01                           _2826_ (net)
                  0.27    0.00    6.21 ^ _6284_/A2 (sky130_fd_sc_hd__o21ai_1)
                  0.14    0.22    6.43 v _6284_/Y (sky130_fd_sc_hd__o21ai_1)
     2    0.01                           _2828_ (net)
                  0.14    0.00    6.43 v _6287_/B1 (sky130_fd_sc_hd__o221a_1)
                  0.08    0.44    6.87 v _6287_/X (sky130_fd_sc_hd__o221a_1)
     1    0.00                           _0380_ (net)
                  0.08    0.00    6.87 v _7630_/D (sky130_fd_sc_hd__dfxtp_1)
                                  6.87   data arrival time

                          6.67    6.67   clock CLK (rise edge)
                          0.00    6.67   clock source latency
                  0.00    0.00    6.67 ^ CLK (in)
     1    0.03                           CLK (net)
                  0.00    0.00    6.67 ^ clkbuf_0_CLK/A (sky130_fd_sc_hd__clkbuf_16)
                  0.19    0.29    6.96 ^ clkbuf_0_CLK/X (sky130_fd_sc_hd__clkbuf_16)
     8    0.11                           clknet_0_CLK (net)
                  0.19    0.00    6.96 ^ clkbuf_3_1__f_CLK/A (sky130_fd_sc_hd__clkbuf_16)
                  0.16    0.36    7.32 ^ clkbuf_3_1__f_CLK/X (sky130_fd_sc_hd__clkbuf_16)
     9    0.09                           clknet_3_1__leaf_CLK (net)
                  0.16    0.00    7.32 ^ clkbuf_leaf_4_CLK/A (sky130_fd_sc_hd__clkbuf_16)
                  0.07    0.27    7.59 ^ clkbuf_leaf_4_CLK/X (sky130_fd_sc_hd__clkbuf_16)
    10    0.02                           clknet_leaf_4_CLK (net)
                  0.07    0.00    7.60 ^ _7630_/CLK (sky130_fd_sc_hd__dfxtp_1)
                         -0.10    7.50   clock uncertainty
                          0.00    7.50   clock reconvergence pessimism
                         -0.27    7.22   library setup time
                                  7.22   data required time
-----------------------------------------------------------------------------
                                  7.22   data required time
                                 -6.87   data arrival time
-----------------------------------------------------------------------------
                                  0.35   slack (MET)



======================= Typical Corner ===================================

Startpoint: _7455_ (rising edge-triggered flip-flop clocked by CLK)
Endpoint: _7525_ (rising edge-triggered flip-flop clocked by CLK)
Path Group: CLK
Path Type: max
Corner: tt

Fanout     Cap    Slew   Delay    Time   Description
-----------------------------------------------------------------------------
                          0.00    0.00   clock CLK (rise edge)
                          0.00    0.00   clock source latency
                  0.00    0.00    0.00 ^ CLK (in)
     1    0.03                           CLK (net)
                  0.00    0.00    0.00 ^ clkbuf_0_CLK/A (sky130_fd_sc_hd__clkbuf_16)
                  0.12    0.18    0.18 ^ clkbuf_0_CLK/X (sky130_fd_sc_hd__clkbuf_16)
     8    0.11                           clknet_0_CLK (net)
                  0.12    0.00    0.18 ^ clkbuf_3_1__f_CLK/A (sky130_fd_sc_hd__clkbuf_16)
                  0.11    0.21    0.39 ^ clkbuf_3_1__f_CLK/X (sky130_fd_sc_hd__clkbuf_16)
     9    0.09                           clknet_3_1__leaf_CLK (net)
                  0.11    0.00    0.39 ^ clkbuf_leaf_54_CLK/A (sky130_fd_sc_hd__clkbuf_16)
                  0.05    0.16    0.54 ^ clkbuf_leaf_54_CLK/X (sky130_fd_sc_hd__clkbuf_16)
    10    0.03                           clknet_leaf_54_CLK (net)
                  0.05    0.00    0.54 ^ _7455_/CLK (sky130_fd_sc_hd__dfxtp_1)
                  0.17    0.40    0.94 ^ _7455_/Q (sky130_fd_sc_hd__dfxtp_1)
     4    0.02                           link1.x_stage1_real_5[1] (net)
                  0.17    0.00    0.94 ^ _5583_/A (sky130_fd_sc_hd__or2b_1)
                  0.09    0.16    1.10 ^ _5583_/X (sky130_fd_sc_hd__or2b_1)
     3    0.01                           _2242_ (net)
                  0.09    0.00    1.10 ^ _5585_/A (sky130_fd_sc_hd__nand2_1)
                  0.08    0.10    1.20 v _5585_/Y (sky130_fd_sc_hd__nand2_1)
     4    0.01                           _2244_ (net)
                  0.08    0.00    1.20 v _5586_/B1 (sky130_fd_sc_hd__a21o_1)
                  0.06    0.19    1.39 v _5586_/X (sky130_fd_sc_hd__a21o_1)
     3    0.01                           _2245_ (net)
                  0.06    0.00    1.39 v _5595_/A2 (sky130_fd_sc_hd__a21o_1)
                  0.06    0.20    1.59 v _5595_/X (sky130_fd_sc_hd__a21o_1)
     3    0.01                           _2253_ (net)
                  0.06    0.00    1.59 v _5603_/A1 (sky130_fd_sc_hd__a21o_1)
                  0.06    0.18    1.77 v _5603_/X (sky130_fd_sc_hd__a21o_1)
     3    0.01                           _2260_ (net)
                  0.06    0.00    1.77 v _5612_/A1 (sky130_fd_sc_hd__a21o_1)
                  0.06    0.18    1.95 v _5612_/X (sky130_fd_sc_hd__a21o_1)
     3    0.01                           _2268_ (net)
                  0.06    0.00    1.96 v _5623_/A1 (sky130_fd_sc_hd__a21o_1)
                  0.06    0.19    2.14 v _5623_/X (sky130_fd_sc_hd__a21o_1)
     3    0.01                           _2278_ (net)
                  0.06    0.00    2.14 v _5631_/A1 (sky130_fd_sc_hd__a21o_1)
                  0.06    0.18    2.32 v _5631_/X (sky130_fd_sc_hd__a21o_1)
     3    0.01                           _2285_ (net)
                  0.06    0.00    2.32 v _5642_/A1 (sky130_fd_sc_hd__a21o_1)
                  0.06    0.18    2.50 v _5642_/X (sky130_fd_sc_hd__a21o_1)
     3    0.01                           _2295_ (net)
                  0.06    0.00    2.50 v _5651_/A1 (sky130_fd_sc_hd__a21o_1)
                  0.06    0.18    2.68 v _5651_/X (sky130_fd_sc_hd__a21o_1)
     3    0.01                           _2303_ (net)
                  0.06    0.00    2.68 v _5659_/A1 (sky130_fd_sc_hd__a21oi_1)
                  0.20    0.19    2.88 ^ _5659_/Y (sky130_fd_sc_hd__a21oi_1)
     2    0.01                           _2310_ (net)
                  0.20    0.00    2.88 ^ _5673_/B1_N (sky130_fd_sc_hd__o21ba_1)
                  0.06    0.20    3.08 v _5673_/X (sky130_fd_sc_hd__o21ba_1)
     2    0.01                           _2323_ (net)
                  0.06    0.00    3.08 v _5683_/A2 (sky130_fd_sc_hd__o21ai_1)
                  0.15    0.16    3.23 ^ _5683_/Y (sky130_fd_sc_hd__o21ai_1)
     2    0.01                           _2332_ (net)
                  0.15    0.00    3.23 ^ _5686_/A2 (sky130_fd_sc_hd__o21ai_1)
                  0.09    0.10    3.33 v _5686_/Y (sky130_fd_sc_hd__o21ai_1)
     2    0.01                           _2335_ (net)
                  0.09    0.00    3.33 v _5691_/B1 (sky130_fd_sc_hd__o221a_1)
                  0.04    0.23    3.56 v _5691_/X (sky130_fd_sc_hd__o221a_1)
     1    0.00                           _0275_ (net)
                  0.04    0.00    3.56 v _7525_/D (sky130_fd_sc_hd__dfxtp_1)
                                  3.56   data arrival time

                          6.67    6.67   clock CLK (rise edge)
                          0.00    6.67   clock source latency
                  0.00    0.00    6.67 ^ CLK (in)
     1    0.03                           CLK (net)
                  0.00    0.00    6.67 ^ clkbuf_0_CLK/A (sky130_fd_sc_hd__clkbuf_16)
                  0.12    0.18    6.84 ^ clkbuf_0_CLK/X (sky130_fd_sc_hd__clkbuf_16)
     8    0.11                           clknet_0_CLK (net)
                  0.12    0.00    6.85 ^ clkbuf_3_1__f_CLK/A (sky130_fd_sc_hd__clkbuf_16)
                  0.11    0.21    7.05 ^ clkbuf_3_1__f_CLK/X (sky130_fd_sc_hd__clkbuf_16)
     9    0.09                           clknet_3_1__leaf_CLK (net)
                  0.11    0.00    7.06 ^ clkbuf_leaf_5_CLK/A (sky130_fd_sc_hd__clkbuf_16)
                  0.04    0.14    7.20 ^ clkbuf_leaf_5_CLK/X (sky130_fd_sc_hd__clkbuf_16)
     6    0.02                           clknet_leaf_5_CLK (net)
                  0.04    0.00    7.20 ^ _7525_/CLK (sky130_fd_sc_hd__dfxtp_1)
                         -0.10    7.10   clock uncertainty
                          0.00    7.10   clock reconvergence pessimism
                         -0.11    6.99   library setup time
                                  6.99   data required time
-----------------------------------------------------------------------------
                                  6.99   data required time
                                 -3.56   data arrival time
-----------------------------------------------------------------------------
                                  3.43   slack (MET)



======================= Fastest Corner ===================================

Startpoint: _7455_ (rising edge-triggered flip-flop clocked by CLK)
Endpoint: _7525_ (rising edge-triggered flip-flop clocked by CLK)
Path Group: CLK
Path Type: max
Corner: ff

Fanout     Cap    Slew   Delay    Time   Description
-----------------------------------------------------------------------------
                          0.00    0.00   clock CLK (rise edge)
                          0.00    0.00   clock source latency
                  0.00    0.00    0.00 ^ CLK (in)
     1    0.03                           CLK (net)
                  0.00    0.00    0.00 ^ clkbuf_0_CLK/A (sky130_fd_sc_hd__clkbuf_16)
                  0.09    0.12    0.13 ^ clkbuf_0_CLK/X (sky130_fd_sc_hd__clkbuf_16)
     8    0.11                           clknet_0_CLK (net)
                  0.09    0.00    0.13 ^ clkbuf_3_1__f_CLK/A (sky130_fd_sc_hd__clkbuf_16)
                  0.08    0.14    0.27 ^ clkbuf_3_1__f_CLK/X (sky130_fd_sc_hd__clkbuf_16)
     9    0.09                           clknet_3_1__leaf_CLK (net)
                  0.08    0.00    0.27 ^ clkbuf_leaf_54_CLK/A (sky130_fd_sc_hd__clkbuf_16)
                  0.04    0.10    0.38 ^ clkbuf_leaf_54_CLK/X (sky130_fd_sc_hd__clkbuf_16)
    10    0.03                           clknet_leaf_54_CLK (net)
                  0.04    0.00    0.38 ^ _7455_/CLK (sky130_fd_sc_hd__dfxtp_1)
                  0.13    0.26    0.63 ^ _7455_/Q (sky130_fd_sc_hd__dfxtp_1)
     4    0.02                           link1.x_stage1_real_5[1] (net)
                  0.13    0.00    0.64 ^ _5583_/A (sky130_fd_sc_hd__or2b_1)
                  0.07    0.10    0.74 ^ _5583_/X (sky130_fd_sc_hd__or2b_1)
     3    0.01                           _2242_ (net)
                  0.07    0.00    0.74 ^ _5585_/A (sky130_fd_sc_hd__nand2_1)
                  0.05    0.06    0.80 v _5585_/Y (sky130_fd_sc_hd__nand2_1)
     4    0.01                           _2244_ (net)
                  0.05    0.00    0.80 v _5586_/B1 (sky130_fd_sc_hd__a21o_1)
                  0.04    0.09    0.89 v _5586_/X (sky130_fd_sc_hd__a21o_1)
     3    0.01                           _2245_ (net)
                  0.04    0.00    0.89 v _5595_/A2 (sky130_fd_sc_hd__a21o_1)
                  0.04    0.13    1.02 v _5595_/X (sky130_fd_sc_hd__a21o_1)
     3    0.01                           _2253_ (net)
                  0.04    0.00    1.02 v _5603_/A1 (sky130_fd_sc_hd__a21o_1)
                  0.04    0.12    1.14 v _5603_/X (sky130_fd_sc_hd__a21o_1)
     3    0.01                           _2260_ (net)
                  0.04    0.00    1.14 v _5612_/A1 (sky130_fd_sc_hd__a21o_1)
                  0.04    0.12    1.26 v _5612_/X (sky130_fd_sc_hd__a21o_1)
     3    0.01                           _2268_ (net)
                  0.04    0.00    1.26 v _5623_/A1 (sky130_fd_sc_hd__a21o_1)
                  0.04    0.12    1.38 v _5623_/X (sky130_fd_sc_hd__a21o_1)
     3    0.01                           _2278_ (net)
                  0.04    0.00    1.38 v _5631_/A1 (sky130_fd_sc_hd__a21o_1)
                  0.04    0.12    1.49 v _5631_/X (sky130_fd_sc_hd__a21o_1)
     3    0.01                           _2285_ (net)
                  0.04    0.00    1.49 v _5642_/A1 (sky130_fd_sc_hd__a21o_1)
                  0.04    0.12    1.61 v _5642_/X (sky130_fd_sc_hd__a21o_1)
     3    0.01                           _2295_ (net)
                  0.04    0.00    1.61 v _5651_/A1 (sky130_fd_sc_hd__a21o_1)
                  0.04    0.11    1.72 v _5651_/X (sky130_fd_sc_hd__a21o_1)
     3    0.01                           _2303_ (net)
                  0.04    0.00    1.72 v _5659_/A1 (sky130_fd_sc_hd__a21oi_1)
                  0.15    0.13    1.86 ^ _5659_/Y (sky130_fd_sc_hd__a21oi_1)
     2    0.01                           _2310_ (net)
                  0.15    0.00    1.86 ^ _5673_/B1_N (sky130_fd_sc_hd__o21ba_1)
                  0.04    0.11    1.97 v _5673_/X (sky130_fd_sc_hd__o21ba_1)
     2    0.01                           _2323_ (net)
                  0.04    0.00    1.97 v _5683_/A2 (sky130_fd_sc_hd__o21ai_1)
                  0.11    0.11    2.08 ^ _5683_/Y (sky130_fd_sc_hd__o21ai_1)
     2    0.01                           _2332_ (net)
                  0.11    0.00    2.08 ^ _5686_/A2 (sky130_fd_sc_hd__o21ai_1)
                  0.05    0.06    2.14 v _5686_/Y (sky130_fd_sc_hd__o21ai_1)
     2    0.01                           _2335_ (net)
                  0.05    0.00    2.14 v _5691_/B1 (sky130_fd_sc_hd__o221a_1)
                  0.03    0.14    2.28 v _5691_/X (sky130_fd_sc_hd__o221a_1)
     1    0.00                           _0275_ (net)
                  0.03    0.00    2.28 v _7525_/D (sky130_fd_sc_hd__dfxtp_1)
                                  2.28   data arrival time

                          6.67    6.67   clock CLK (rise edge)
                          0.00    6.67   clock source latency
                  0.00    0.00    6.67 ^ CLK (in)
     1    0.03                           CLK (net)
                  0.00    0.00    6.67 ^ clkbuf_0_CLK/A (sky130_fd_sc_hd__clkbuf_16)
                  0.09    0.12    6.79 ^ clkbuf_0_CLK/X (sky130_fd_sc_hd__clkbuf_16)
     8    0.11                           clknet_0_CLK (net)
                  0.09    0.00    6.80 ^ clkbuf_3_1__f_CLK/A (sky130_fd_sc_hd__clkbuf_16)
                  0.08    0.14    6.94 ^ clkbuf_3_1__f_CLK/X (sky130_fd_sc_hd__clkbuf_16)
     9    0.09                           clknet_3_1__leaf_CLK (net)
                  0.08    0.00    6.94 ^ clkbuf_leaf_5_CLK/A (sky130_fd_sc_hd__clkbuf_16)
                  0.03    0.10    7.04 ^ clkbuf_leaf_5_CLK/X (sky130_fd_sc_hd__clkbuf_16)
     6    0.02                           clknet_leaf_5_CLK (net)
                  0.03    0.00    7.04 ^ _7525_/CLK (sky130_fd_sc_hd__dfxtp_1)
                         -0.10    6.94   clock uncertainty
                          0.00    6.94   clock reconvergence pessimism
                         -0.07    6.87   library setup time
                                  6.87   data required time
-----------------------------------------------------------------------------
                                  6.87   data required time
                                 -2.28   data arrival time
-----------------------------------------------------------------------------
                                  4.59   slack (MET)



===========================================================================
report_checks --slack_max -0.01
============================================================================

======================= Slowest Corner ===================================

No paths found.

======================= Typical Corner ===================================

No paths found.

======================= Fastest Corner ===================================

No paths found.
