
===========================================================================
 report_clock_skew
============================================================================

======================== Slowest Corner ==================================

Clock CLK
Latency      CRPR       Skew
_7404_/CLK ^
   0.95
_7261_/CLK ^
   0.86      0.00       0.09


======================= Typical Corner ===================================

Clock CLK
Latency      CRPR       Skew
_7404_/CLK ^
   0.56
_7261_/CLK ^
   0.49      0.00       0.06


======================= Fastest Corner ===================================

Clock CLK
Latency      CRPR       Skew
_7404_/CLK ^
   0.39
_7261_/CLK ^
   0.34      0.00       0.04

