
===========================================================================
 report_power
============================================================================


======================= Slowest Corner =================================

Group                  Internal  Switching    Leakage      Total
                          Power      Power      Power      Power (Watts)
----------------------------------------------------------------
Sequential             2.84e-03   3.12e-04   8.13e-06   3.16e-03  30.4%
Combinational          2.45e-03   4.75e-03   2.36e-05   7.21e-03  69.6%
Macro                  0.00e+00   0.00e+00   0.00e+00   0.00e+00   0.0%
Pad                    0.00e+00   0.00e+00   0.00e+00   0.00e+00   0.0%
----------------------------------------------------------------
Total                  5.28e-03   5.06e-03   3.17e-05   1.04e-02 100.0%
                          50.9%      48.8%       0.3%

======================= Typical Corner ===================================

Group                  Internal  Switching    Leakage      Total
                          Power      Power      Power      Power (Watts)
----------------------------------------------------------------
Sequential             3.63e-03   3.98e-04   4.63e-09   4.03e-03  30.8%
Combinational          3.00e-03   6.06e-03   3.45e-08   9.06e-03  69.2%
Macro                  0.00e+00   0.00e+00   0.00e+00   0.00e+00   0.0%
Pad                    0.00e+00   0.00e+00   0.00e+00   0.00e+00   0.0%
----------------------------------------------------------------
Total                  6.63e-03   6.46e-03   3.92e-08   1.31e-02 100.0%
                          50.7%      49.3%       0.0%


======================= Fastest Corner =================================

Group                  Internal  Switching    Leakage      Total
                          Power      Power      Power      Power (Watts)
----------------------------------------------------------------
Sequential             4.21e-03   4.73e-04   8.40e-09   4.68e-03  30.8%
Combinational          3.39e-03   7.14e-03   5.18e-08   1.05e-02  69.2%
Macro                  0.00e+00   0.00e+00   0.00e+00   0.00e+00   0.0%
Pad                    0.00e+00   0.00e+00   0.00e+00   0.00e+00   0.0%
----------------------------------------------------------------
Total                  7.60e-03   7.62e-03   6.02e-08   1.52e-02 100.0%
                          49.9%      50.1%       0.0%
